<?xml version="1.0" encoding="UTF-8"?>
<testng-results ignored="0" total="2" passed="2" failed="0" skipped="0">
  <reporter-output>
  </reporter-output>
  <suite started-at="2023-09-11T10:21:43 EDT" name="Default suite" finished-at="2023-09-11T10:22:04 EDT" duration-ms="20736">
    <groups>
      <group name="cucumber">
        <method signature="AbstractTestNGCucumberTests.feature(cucumber.api.testng.CucumberFeatureWrapper)[pri:0, instance:TestRunner.runnerClass@19932c16]" name="feature" class="cucumber.api.testng.AbstractTestNGCucumberTests"/>
      </group> <!-- cucumber -->
    </groups>
    <test started-at="2023-09-11T10:21:43 EDT" name="Default test" finished-at="2023-09-11T10:22:04 EDT" duration-ms="20736">
      <class name="TestRunner.runnerClass">
        <test-method is-config="true" signature="setUpClass()[pri:0, instance:TestRunner.runnerClass@19932c16]" started-at="2023-09-11T10:21:43 EDT" name="setUpClass" finished-at="2023-09-11T10:21:43 EDT" duration-ms="170" status="PASS">
          <reporter-output>
          </reporter-output>
        </test-method> <!-- setUpClass -->
        <test-method signature="feature(cucumber.api.testng.CucumberFeatureWrapper)[pri:0, instance:TestRunner.runnerClass@19932c16]" started-at="2023-09-11T10:21:43 EDT" name="feature" description="Runs Cucumber Feature" data-provider="features" finished-at="2023-09-11T10:21:51 EDT" duration-ms="7313" status="PASS">
          <params>
            <param index="0">
              <value>
                <![CDATA[]]>
              </value>
            </param>
          </params>
          <reporter-output>
          </reporter-output>
        </test-method> <!-- feature -->
        <test-method signature="feature(cucumber.api.testng.CucumberFeatureWrapper)[pri:0, instance:TestRunner.runnerClass@19932c16]" started-at="2023-09-11T10:21:51 EDT" name="feature" description="Runs Cucumber Feature" data-provider="features" finished-at="2023-09-11T10:22:04 EDT" duration-ms="13054" status="PASS">
          <params>
            <param index="0">
              <value>
                <![CDATA[]]>
              </value>
            </param>
          </params>
          <reporter-output>
          </reporter-output>
        </test-method> <!-- feature -->
        <test-method is-config="true" signature="tearDownClass()[pri:0, instance:TestRunner.runnerClass@19932c16]" started-at="2023-09-11T10:22:04 EDT" name="tearDownClass" finished-at="2023-09-11T10:22:04 EDT" duration-ms="80" status="PASS">
          <reporter-output>
          </reporter-output>
        </test-method> <!-- tearDownClass -->
      </class> <!-- TestRunner.runnerClass -->
    </test> <!-- Default test -->
  </suite> <!-- Default suite -->
</testng-results>
